<?xml version="1.0" encoding="UTF-8"?>
<testng-results ignored="0" total="1" passed="1" failed="0" skipped="0">
  <reporter-output>
  </reporter-output>
  <suite started-at="2021-11-30T16:30:24 ICT" name="Suite" finished-at="2021-11-30T16:30:25 ICT" duration-ms="771">
    <groups>
    </groups>
    <test started-at="2021-11-30T16:30:24 ICT" name="TestNGConectDatabase" finished-at="2021-11-30T16:30:25 ICT" duration-ms="771">
      <class name="testDAO.TestConnectSQL">
        <test-method is-config="true" signature="setUpTest()[pri:0, instance:testDAO.TestConnectSQL@24aed80c]" started-at="2021-11-30T16:30:24 ICT" name="setUpTest" finished-at="2021-11-30T16:30:24 ICT" duration-ms="181" status="PASS">
          <reporter-output>
          </reporter-output>
        </test-method> <!-- setUpTest -->
        <test-method signature="TCDB_TC001_Success(java.lang.String,java.lang.String,java.lang.String,java.lang.String,java.lang.String)[pri:0, instance:testDAO.TestConnectSQL@24aed80c]" started-at="2021-11-30T16:30:24 ICT" name="TCDB_TC001_Success" finished-at="2021-11-30T16:30:25 ICT" duration-ms="486" status="PASS">
          <params>
            <param index="0">
              <value>
                <![CDATA[localhost]]>
              </value>
            </param>
            <param index="1">
              <value>
                <![CDATA[sa]]>
              </value>
            </param>
            <param index="2">
              <value>
                <![CDATA[1]]>
              </value>
            </param>
            <param index="3">
              <value>
                <![CDATA[QLSUNNY]]>
              </value>
            </param>
            <param index="4">
              <value>
                <![CDATA[1433]]>
              </value>
            </param>
          </params>
          <reporter-output>
          </reporter-output>
        </test-method> <!-- TCDB_TC001_Success -->
        <test-method is-config="true" signature="tearDown()[pri:0, instance:testDAO.TestConnectSQL@24aed80c]" started-at="2021-11-30T16:30:25 ICT" name="tearDown" finished-at="2021-11-30T16:30:25 ICT" duration-ms="60" status="PASS">
          <reporter-output>
          </reporter-output>
        </test-method> <!-- tearDown -->
      </class> <!-- testDAO.TestConnectSQL -->
    </test> <!-- TestNGConectDatabase -->
  </suite> <!-- Suite -->
</testng-results>
