<?xml version="1.0" encoding="UTF-8"?>
<!-- Generated by org.testng.reporters.JUnitXMLReporter -->
<testsuite ignored="0" hostname="haile" failures="0" tests="5" name="TestQuanLyDAO" time="0.631" errors="0" timestamp="2021-12-01T16:47:21 ICT">
  <testcase classname="testDAO.TestQuanLyDAO" name="TC001_loadlstNV_Success" time="0.439"/>
  <testcase classname="testDAO.TestQuanLyDAO" name="TC002_loadlstSP_Success" time="0.042"/>
  <testcase classname="testDAO.TestQuanLyDAO" name="TC003_findNVByID_Success" time="0.061"/>
  <testcase classname="testDAO.TestQuanLyDAO" name="TC004_findNVByID_Failed" time="0.023"/>
  <testcase classname="testDAO.TestQuanLyDAO" name="TC004_findSPbyID_Failed" time="0.027"/>
</testsuite> <!-- TestQuanLyDAO -->
