<?xml version="1.0" encoding="UTF-8"?>
<!-- Generated by org.testng.reporters.JUnitXMLReporter -->
<testsuite ignored="0" hostname="haile" failures="0" tests="5" name="TestNGConectDatabase" time="5.166" errors="0" timestamp="2021-11-30T23:37:21 ICT">
  <testcase classname="testDAO.TestConnectSQL" name="TCDB_TC001_Success" time="0.457"/>
  <testcase classname="testDAO.TestConnectSQL" name="TCDB_TC002_PasswordNull" time="1.56"/>
  <testcase classname="testDAO.TestConnectSQL" name="TCDB_TC003_PasswordFalse" time="0.807"/>
  <testcase classname="testDAO.TestConnectSQL" name="TCDB_TC004_UserFalse" time="0.862"/>
  <testcase classname="testDAO.TestConnectSQL" name="TCDB_TC005_UserNull" time="1.261"/>
</testsuite> <!-- TestNGConectDatabase -->
