<?xml version="1.0" encoding="UTF-8"?>
<!-- Generated by org.testng.reporters.JUnitXMLReporter -->
<testsuite ignored="0" hostname="haile" failures="0" tests="4" name="TestNGConectDatabase" time="3.438" errors="0" timestamp="2021-12-01T15:33:58 ICT">
  <testcase classname="testDAO.TestConnectSQL" name="TCDB_TC001_Success" time="0.593"/>
  <testcase classname="testDAO.TestConnectSQL" name="TCDB_TC003_PasswordFalse" time="1.454"/>
  <testcase classname="testDAO.TestConnectSQL" name="TCDB_TC004_UserFalse" time="0.461"/>
  <testcase classname="testDAO.TestConnectSQL" name="TCDB_TC005_UserNull" time="0.339"/>
</testsuite> <!-- TestNGConectDatabase -->
